2019-09-09 15:09:524 INFO  HooksOrder:69 - Launchig the Application
2019-09-09 15:09:625 INFO  HooksOrder:74 - Initializing the PageFactory
2019-09-09 15:09:677 INFO  HooksOrder:79 - Maximising the browser
2019-09-09 15:09:713 INFO  HooksOrder:89 - Entering the username
2019-09-09 15:09:962 INFO  HooksOrder:92 - Entering the password
2019-09-09 15:09:139 INFO  HooksOrder:69 - Launchig the Application
2019-09-09 15:09:474 INFO  HooksOrder:74 - Initializing the PageFactory
2019-09-09 15:09:481 INFO  HooksOrder:79 - Maximising the browser
2019-09-09 15:09:498 INFO  HooksOrder:89 - Entering the username
2019-09-09 15:09:782 INFO  HooksOrder:92 - Entering the password
2019-09-09 15:09:521 INFO  HooksOrder:69 - Launchig the Application
2019-09-09 15:09:690 INFO  HooksOrder:74 - Initializing the PageFactory
2019-09-09 15:09:697 INFO  HooksOrder:79 - Maximising the browser
2019-09-09 15:09:702 INFO  HooksOrder:89 - Entering the username
2019-09-09 15:09:923 INFO  HooksOrder:92 - Entering the password
2019-09-09 15:09:490 INFO  HooksOrder:69 - Launchig the Application
2019-09-09 15:09:848 INFO  HooksOrder:74 - Initializing the PageFactory
2019-09-09 15:09:854 INFO  HooksOrder:79 - Maximising the browser
2019-09-09 15:09:864 INFO  HooksOrder:89 - Entering the username
2019-09-09 15:09:77 INFO  HooksOrder:92 - Entering the password
